<?xml version="1.0" encoding="UTF-8" ?>
<testsuite tests="18" failures="0" name="org.springframework.cloud.bootstrap.config.BootstrapConfigurationTests" time="1.927" errors="0" skipped="0">
  <properties>
[...]
</properties>
  <testcase classname="org.springframework.cloud.bootstrap.config.BootstrapConfigurationTests" name="systemPropertyOverrideWhenOverrideDisallowed" time="0.088"/>
  <testcase classname="org.springframework.cloud.bootstrap.config.BootstrapConfigurationTests" name="applicationNameInBootstrapAndMain" time="0.083"/>
  <testcase classname="org.springframework.cloud.bootstrap.config.BootstrapConfigurationTests" name="includeProfileFromBootstrapPropertySource" time="0.09"/>
  <testcase classname="org.springframework.cloud.bootstrap.config.BootstrapConfigurationTests" name="onlyOneBootstrapContext" time="0.113"/>
  <testcase classname="org.springframework.cloud.bootstrap.config.BootstrapConfigurationTests" name="differentProfileInChild" time="0.115"/>
  <testcase classname="org.springframework.cloud.bootstrap.config.BootstrapConfigurationTests" name="applicationNameNotInBootstrap" time="0.081"/>
  <testcase classname="org.springframework.cloud.bootstrap.config.BootstrapConfigurationTests" name="overrideSystemPropertySourceByDefault" time="0.087"/>
  <testcase classname="org.springframework.cloud.bootstrap.config.BootstrapConfigurationTests" name="picksUpAdditionalPropertySource" time="0.084"/>
  <testcase classname="org.springframework.cloud.bootstrap.config.BootstrapConfigurationTests" name="failsOnPropertySource" time="0.071"/>
  <testcase classname="org.springframework.cloud.bootstrap.config.BootstrapConfigurationTests" name="environmentEnrichedOnceWhenSharedWithChildContext" time="0.129"/>
  <testcase classname="org.springframework.cloud.bootstrap.config.BootstrapConfigurationTests" name="bootstrapPropertiesAvailableInInitializer" time="0.103"/>
  <testcase classname="org.springframework.cloud.bootstrap.config.BootstrapConfigurationTests" name="applicationNameOnlyInBootstrap" time="0.107"/>
  <testcase classname="org.springframework.cloud.bootstrap.config.BootstrapConfigurationTests" name="pickupExternalBootstrapProperties" time="0.114"/>
  <testcase classname="org.springframework.cloud.bootstrap.config.BootstrapConfigurationTests" name="systemPropertyOverrideFalseWhenOverrideAllowed" time="0.147"/>
  <testcase classname="org.springframework.cloud.bootstrap.config.BootstrapConfigurationTests" name="bootstrapContextSharedBySiblings" time="0.166"/>
  <testcase classname="org.springframework.cloud.bootstrap.config.BootstrapConfigurationTests" name="overrideAllWhenOverrideAllowed" time="0.1"/>
  <testcase classname="org.springframework.cloud.bootstrap.config.BootstrapConfigurationTests" name="environmentEnrichedInParentContext" time="0.143"/>
  <testcase classname="org.springframework.cloud.bootstrap.config.BootstrapConfigurationTests" name="systemPropertyOverrideFalse" time="0.106"/>
</testsuite>