<?xml version="1.0" encoding="UTF-8" ?>
<testsuite tests="3" failures="0" name="org.springframework.cloud.bootstrap.BootstrapOrderingAutoConfigurationIntegrationTests" time="0.006" errors="2" skipped="1">
  <properties>
[...]
</properties>
  <testcase classname="org.springframework.cloud.bootstrap.BootstrapOrderingAutoConfigurationIntegrationTests" name="normalPropertiesDecrypted" time="0.003">
    <error message="Failed to load ApplicationContext" type="java.lang.IllegalStateException">java.lang.IllegalStateException: Failed to load ApplicationContext
	at org.springframework.test.context.cache.DefaultCacheAwareContextLoaderDelegate.loadContext(DefaultCacheAwareContextLoaderDelegate.java:125)
	at org.springframework.test.context.support.DefaultTestContext.getApplicationContext(DefaultTestContext.java:107)
	at org.springframework.test.context.web.ServletTestExecutionListener.setUpRequestContextIfNecessary(ServletTestExecutionListener.java:190)
	at org.springframework.test.context.web.ServletTestExecutionListener.prepareTestInstance(ServletTestExecutionListener.java:132)
	at org.springframework.test.context.TestContextManager.prepareTestInstance(TestContextManager.java:242)
	at org.springframework.test.context.junit4.SpringJUnit4ClassRunner.createTest(SpringJUnit4ClassRunner.java:227)
	at org.springframework.test.context.junit4.SpringJUnit4ClassRunner$1.runReflectiveCall(SpringJUnit4ClassRunner.java:289)
	at org.junit.internal.runners.model.ReflectiveCallable.run(ReflectiveCallable.java:12)
	at org.springframework.test.context.junit4.SpringJUnit4ClassRunner.methodBlock(SpringJUnit4ClassRunner.java:291)
	at org.springframework.test.context.junit4.SpringJUnit4ClassRunner.runChild(SpringJUnit4ClassRunner.java:246)
	at org.springframework.test.context.junit4.SpringJUnit4ClassRunner.runChild(SpringJUnit4ClassRunner.java:97)
	at org.junit.runners.ParentRunner$3.run(ParentRunner.java:290)
	at org.junit.runners.ParentRunner$1.schedule(ParentRunner.java:71)
	at org.junit.runners.ParentRunner.runChildren(ParentRunner.java:288)
	at org.junit.runners.ParentRunner.access$000(ParentRunner.java:58)
	at org.junit.runners.ParentRunner$2.evaluate(ParentRunner.java:268)
	at org.springframework.test.context.junit4.statements.RunBeforeTestClassCallbacks.evaluate(RunBeforeTestClassCallbacks.java:61)
	at org.springframework.test.context.junit4.statements.RunAfterTestClassCallbacks.evaluate(RunAfterTestClassCallbacks.java:70)
	at org.junit.runners.ParentRunner.run(ParentRunner.java:363)
	at org.springframework.test.context.junit4.SpringJUnit4ClassRunner.run(SpringJUnit4ClassRunner.java:190)
	at org.apache.maven.surefire.junit4.JUnit4Provider.execute(JUnit4Provider.java:252)
	at org.apache.maven.surefire.junit4.JUnit4Provider.executeTestSet(JUnit4Provider.java:141)
	at org.apache.maven.surefire.junit4.JUnit4Provider.invoke(JUnit4Provider.java:112)
	at sun.reflect.NativeMethodAccessorImpl.invoke0(Native Method)
	at sun.reflect.NativeMethodAccessorImpl.invoke(NativeMethodAccessorImpl.java:62)
	at sun.reflect.DelegatingMethodAccessorImpl.invoke(DelegatingMethodAccessorImpl.java:43)
	at java.lang.reflect.Method.invoke(Method.java:498)
	at org.apache.maven.surefire.util.ReflectionUtils.invokeMethodWithArray(ReflectionUtils.java:189)
	at org.apache.maven.surefire.booter.ProviderFactory$ProviderProxy.invoke(ProviderFactory.java:165)
	at org.apache.maven.surefire.booter.ProviderFactory.invokeProvider(ProviderFactory.java:85)
	at org.apache.maven.surefire.booter.ForkedBooter.runSuitesInProcess(ForkedBooter.java:115)
	at org.apache.maven.surefire.booter.ForkedBooter.main(ForkedBooter.java:75)
Caused by: java.lang.IllegalStateException: Cannot decrypt: key=bar
	at org.springframework.cloud.bootstrap.encrypt.EnvironmentDecryptApplicationInitializer.decrypt(EnvironmentDecryptApplicationInitializer.java:201)
	at org.springframework.cloud.bootstrap.encrypt.EnvironmentDecryptApplicationInitializer.decrypt(EnvironmentDecryptApplicationInitializer.java:165)
	at org.springframework.cloud.bootstrap.encrypt.EnvironmentDecryptApplicationInitializer.initialize(EnvironmentDecryptApplicationInitializer.java:95)
	at org.springframework.cloud.bootstrap.BootstrapApplicationListener$DelegatingEnvironmentDecryptApplicationInitializer.initialize(BootstrapApplicationListener.java:370)
	at org.springframework.boot.SpringApplication.applyInitializers(SpringApplication.java:624)
	at org.springframework.boot.SpringApplication.prepareContext(SpringApplication.java:364)
	at org.springframework.boot.SpringApplication.run(SpringApplication.java:325)
	at org.springframework.boot.test.context.SpringBootContextLoader.loadContext(SpringBootContextLoader.java:138)
	at org.springframework.test.context.cache.DefaultCacheAwareContextLoaderDelegate.loadContextInternal(DefaultCacheAwareContextLoaderDelegate.java:99)
	at org.springframework.test.context.cache.DefaultCacheAwareContextLoaderDelegate.loadContext(DefaultCacheAwareContextLoaderDelegate.java:117)
	... 31 more
Caused by: java.lang.IllegalArgumentException: Unable to initialize due to invalid secret key
	at org.springframework.security.crypto.encrypt.CipherUtils.initCipher(CipherUtils.java:120)
	at org.springframework.security.crypto.encrypt.AesBytesEncryptor.decrypt(AesBytesEncryptor.java:126)
	at org.springframework.security.crypto.encrypt.HexEncodingTextEncryptor.decrypt(HexEncodingTextEncryptor.java:40)
	at org.springframework.cloud.bootstrap.encrypt.EnvironmentDecryptApplicationInitializer.decrypt(EnvironmentDecryptApplicationInitializer.java:193)
	... 40 more
Caused by: java.security.InvalidKeyException: Illegal key size
	at javax.crypto.Cipher.checkCryptoPerm(Cipher.java:1039)
	at javax.crypto.Cipher.implInit(Cipher.java:805)
	at javax.crypto.Cipher.chooseProvider(Cipher.java:864)
	at javax.crypto.Cipher.init(Cipher.java:1396)
	at javax.crypto.Cipher.init(Cipher.java:1327)
	at org.springframework.security.crypto.encrypt.CipherUtils.initCipher(CipherUtils.java:113)
	... 43 more
</error>
    <system-out>2017-08-29 13:03:08.345  INFO 73951 --- [           main] .b.t.c.SpringBootTestContextBootstrapper : Neither @ContextConfiguration nor @ContextHierarchy found for test class [org.springframework.cloud.bootstrap.BootstrapOrderingAutoConfigurationIntegrationTests], using SpringBootContextLoader
2017-08-29 13:03:08.345  INFO 73951 --- [           main] o.s.t.c.support.AbstractContextLoader    : Could not detect default resource locations for test class [org.springframework.cloud.bootstrap.BootstrapOrderingAutoConfigurationIntegrationTests]: no resource found for suffixes {-context.xml, Context.groovy}.
2017-08-29 13:03:08.349 DEBUG 73951 --- [           main] .b.t.c.SpringBootTestContextBootstrapper : @TestExecutionListeners is not present for class [org.springframework.cloud.bootstrap.BootstrapOrderingAutoConfigurationIntegrationTests]: using defaults.
2017-08-29 13:03:08.349  INFO 73951 --- [           main] .b.t.c.SpringBootTestContextBootstrapper : Loaded default TestExecutionListener class names from location [META-INF/spring.factories]: [org.springframework.boot.test.mock.mockito.MockitoTestExecutionListener, org.springframework.boot.test.mock.mockito.ResetMocksTestExecutionListener, org.springframework.boot.test.autoconfigure.restdocs.RestDocsTestExecutionListener, org.springframework.boot.test.autoconfigure.web.client.MockRestServiceServerResetTestExecutionListener, org.springframework.boot.test.autoconfigure.web.servlet.MockMvcPrintOnlyOnFailureTestExecutionListener, org.springframework.boot.test.autoconfigure.web.servlet.WebDriverTestExecutionListener, org.springframework.test.context.web.ServletTestExecutionListener, org.springframework.test.context.support.DirtiesContextBeforeModesTestExecutionListener, org.springframework.test.context.support.DependencyInjectionTestExecutionListener, org.springframework.test.context.support.DirtiesContextTestExecutionListener, org.springframework.test.context.transaction.TransactionalTestExecutionListener, org.springframework.test.context.jdbc.SqlScriptsTestExecutionListener]
2017-08-29 13:03:08.349  INFO 73951 --- [           main] .b.t.c.SpringBootTestContextBootstrapper : Using TestExecutionListeners: [org.springframework.test.context.web.ServletTestExecutionListener@26c700ff, org.springframework.test.context.support.DirtiesContextBeforeModesTestExecutionListener@6d9c791, org.springframework.boot.test.autoconfigure.SpringBootDependencyInjectionTestExecutionListener@7ec33496, org.springframework.test.context.support.DirtiesContextTestExecutionListener@6861e61a, org.springframework.test.context.transaction.TransactionalTestExecutionListener@76bfd311, org.springframework.test.context.jdbc.SqlScriptsTestExecutionListener@3e127718, org.springframework.boot.test.autoconfigure.web.servlet.MockMvcPrintOnlyOnFailureTestExecutionListener@599293c8, org.springframework.boot.test.autoconfigure.web.client.MockRestServiceServerResetTestExecutionListener@3ea4efd6, org.springframework.boot.test.autoconfigure.web.servlet.WebDriverTestExecutionListener@360b8448, org.springframework.boot.test.autoconfigure.restdocs.RestDocsTestExecutionListener@1b0c9f26, org.springframework.boot.test.mock.mockito.MockitoTestExecutionListener@564d535c, org.springframework.boot.test.mock.mockito.ResetMocksTestExecutionListener@4f0ecc1c]
2017-08-29 13:03:08.363  INFO 73951 --- [           main] s.c.a.AnnotationConfigApplicationContext : Refreshing org.springframework.context.annotation.AnnotationConfigApplicationContext@169b16dd: startup date [Tue Aug 29 13:03:08 CEST 2017]; root of context hierarchy
2017-08-29 13:03:08.373  INFO 73951 --- [           main] f.a.AutowiredAnnotationBeanPostProcessor : JSR-330 &apos;javax.inject.Inject&apos; annotation found and supported for autowiring
2017-08-29 13:03:08.382  INFO 73951 --- [           main] trationDelegate$BeanPostProcessorChecker : Bean &apos;configurationPropertiesRebinderAutoConfiguration&apos; of type [org.springframework.cloud.autoconfigure.ConfigurationPropertiesRebinderAutoConfiguration$$EnhancerBySpringCGLIB$$ce977fe5] is not eligible for getting processed by all BeanPostProcessors (for example: not eligible for auto-proxying)
2017-08-29 13:03:08.543 DEBUG 73951 --- [           main] .c.l.ClasspathLoggingApplicationListener : Application started with classpath: [file:/Users/mgrzejszczak/repo/spring-cloud-commons/spring-cloud-context/target/surefire/surefirebooter8868137554170360564.jar]

  .   ____          _            __ _ _
 /\\ / ___&apos;_ __ _ _(_)_ __  __ _ \ \ \ \
( ( )\___ | &apos;_ | &apos;_| | &apos;_ \/ _` | \ \ \ \
 \\/  ___)| |_)| | | | | || (_| |  ) ) ) )
  &apos;  |____| .__|_| |_|_| |_\__, | / / / /
 =========|_|==============|___/=/_/_/_/
 :: Spring Boot ::             (v2.0.0.M3)

2017-08-29 13:03:08.565 DEBUG 73951 --- [           main] .c.l.ClasspathLoggingApplicationListener : Application failed to start with classpath: [file:/Users/mgrzejszczak/repo/spring-cloud-commons/spring-cloud-context/target/surefire/surefirebooter8868137554170360564.jar]
2017-08-29 13:03:08.570 ERROR 73951 --- [           main] o.s.boot.SpringApplication               : Application startup failed

java.lang.IllegalStateException: Cannot decrypt: key=bar
	at org.springframework.cloud.bootstrap.encrypt.EnvironmentDecryptApplicationInitializer.decrypt(EnvironmentDecryptApplicationInitializer.java:201) ~[classes/:na]
	at org.springframework.cloud.bootstrap.encrypt.EnvironmentDecryptApplicationInitializer.decrypt(EnvironmentDecryptApplicationInitializer.java:165) ~[classes/:na]
	at org.springframework.cloud.bootstrap.encrypt.EnvironmentDecryptApplicationInitializer.initialize(EnvironmentDecryptApplicationInitializer.java:95) ~[classes/:na]
	at org.springframework.cloud.bootstrap.BootstrapApplicationListener$DelegatingEnvironmentDecryptApplicationInitializer.initialize(BootstrapApplicationListener.java:370) ~[classes/:na]
	at org.springframework.boot.SpringApplication.applyInitializers(SpringApplication.java:624) ~[spring-boot-2.0.0.M3.jar:2.0.0.M3]
	at org.springframework.boot.SpringApplication.prepareContext(SpringApplication.java:364) ~[spring-boot-2.0.0.M3.jar:2.0.0.M3]
	at org.springframework.boot.SpringApplication.run(SpringApplication.java:325) ~[spring-boot-2.0.0.M3.jar:2.0.0.M3]
	at org.springframework.boot.test.context.SpringBootContextLoader.loadContext(SpringBootContextLoader.java:138) [spring-boot-test-2.0.0.M3.jar:2.0.0.M3]
	at org.springframework.test.context.cache.DefaultCacheAwareContextLoaderDelegate.loadContextInternal(DefaultCacheAwareContextLoaderDelegate.java:99) [spring-test-5.0.0.RC3.jar:5.0.0.RC3]
	at org.springframework.test.context.cache.DefaultCacheAwareContextLoaderDelegate.loadContext(DefaultCacheAwareContextLoaderDelegate.java:117) [spring-test-5.0.0.RC3.jar:5.0.0.RC3]
	at org.springframework.test.context.support.DefaultTestContext.getApplicationContext(DefaultTestContext.java:107) [spring-test-5.0.0.RC3.jar:5.0.0.RC3]
	at org.springframework.test.context.web.ServletTestExecutionListener.setUpRequestContextIfNecessary(ServletTestExecutionListener.java:190) [spring-test-5.0.0.RC3.jar:5.0.0.RC3]
	at org.springframework.test.context.web.ServletTestExecutionListener.prepareTestInstance(ServletTestExecutionListener.java:132) [spring-test-5.0.0.RC3.jar:5.0.0.RC3]
	at org.springframework.test.context.TestContextManager.prepareTestInstance(TestContextManager.java:242) [spring-test-5.0.0.RC3.jar:5.0.0.RC3]
	at org.springframework.test.context.junit4.SpringJUnit4ClassRunner.createTest(SpringJUnit4ClassRunner.java:227) [spring-test-5.0.0.RC3.jar:5.0.0.RC3]
	at org.springframework.test.context.junit4.SpringJUnit4ClassRunner$1.runReflectiveCall(SpringJUnit4ClassRunner.java:289) [spring-test-5.0.0.RC3.jar:5.0.0.RC3]
	at org.junit.internal.runners.model.ReflectiveCallable.run(ReflectiveCallable.java:12) [junit-4.12.jar:4.12]
	at org.springframework.test.context.junit4.SpringJUnit4ClassRunner.methodBlock(SpringJUnit4ClassRunner.java:291) [spring-test-5.0.0.RC3.jar:5.0.0.RC3]
	at org.springframework.test.context.junit4.SpringJUnit4ClassRunner.runChild(SpringJUnit4ClassRunner.java:246) [spring-test-5.0.0.RC3.jar:5.0.0.RC3]
	at org.springframework.test.context.junit4.SpringJUnit4ClassRunner.runChild(SpringJUnit4ClassRunner.java:97) [spring-test-5.0.0.RC3.jar:5.0.0.RC3]
	at org.junit.runners.ParentRunner$3.run(ParentRunner.java:290) [junit-4.12.jar:4.12]
	at org.junit.runners.ParentRunner$1.schedule(ParentRunner.java:71) [junit-4.12.jar:4.12]
	at org.junit.runners.ParentRunner.runChildren(ParentRunner.java:288) [junit-4.12.jar:4.12]
	at org.junit.runners.ParentRunner.access$000(ParentRunner.java:58) [junit-4.12.jar:4.12]
	at org.junit.runners.ParentRunner$2.evaluate(ParentRunner.java:268) [junit-4.12.jar:4.12]
	at org.springframework.test.context.junit4.statements.RunBeforeTestClassCallbacks.evaluate(RunBeforeTestClassCallbacks.java:61) [spring-test-5.0.0.RC3.jar:5.0.0.RC3]
	at org.springframework.test.context.junit4.statements.RunAfterTestClassCallbacks.evaluate(RunAfterTestClassCallbacks.java:70) [spring-test-5.0.0.RC3.jar:5.0.0.RC3]
	at org.junit.runners.ParentRunner.run(ParentRunner.java:363) [junit-4.12.jar:4.12]
	at org.springframework.test.context.junit4.SpringJUnit4ClassRunner.run(SpringJUnit4ClassRunner.java:190) [spring-test-5.0.0.RC3.jar:5.0.0.RC3]
	at org.apache.maven.surefire.junit4.JUnit4Provider.execute(JUnit4Provider.java:252) [surefire-junit4-2.12.4.jar:2.12.4]
	at org.apache.maven.surefire.junit4.JUnit4Provider.executeTestSet(JUnit4Provider.java:141) [surefire-junit4-2.12.4.jar:2.12.4]
	at org.apache.maven.surefire.junit4.JUnit4Provider.invoke(JUnit4Provider.java:112) [surefire-junit4-2.12.4.jar:2.12.4]
	at sun.reflect.NativeMethodAccessorImpl.invoke0(Native Method) ~[na:1.8.0_131]
	at sun.reflect.NativeMethodAccessorImpl.invoke(NativeMethodAccessorImpl.java:62) ~[na:1.8.0_131]
	at sun.reflect.DelegatingMethodAccessorImpl.invoke(DelegatingMethodAccessorImpl.java:43) ~[na:1.8.0_131]
	at java.lang.reflect.Method.invoke(Method.java:498) ~[na:1.8.0_131]
	at org.apache.maven.surefire.util.ReflectionUtils.invokeMethodWithArray(ReflectionUtils.java:189) [surefire-api-2.12.4.jar:2.12.4]
	at org.apache.maven.surefire.booter.ProviderFactory$ProviderProxy.invoke(ProviderFactory.java:165) [surefire-booter-2.12.4.jar:2.12.4]
	at org.apache.maven.surefire.booter.ProviderFactory.invokeProvider(ProviderFactory.java:85) [surefire-booter-2.12.4.jar:2.12.4]
	at org.apache.maven.surefire.booter.ForkedBooter.runSuitesInProcess(ForkedBooter.java:115) [surefire-booter-2.12.4.jar:2.12.4]
	at org.apache.maven.surefire.booter.ForkedBooter.main(ForkedBooter.java:75) [surefire-booter-2.12.4.jar:2.12.4]
Caused by: java.lang.IllegalArgumentException: Unable to initialize due to invalid secret key
	at org.springframework.security.crypto.encrypt.CipherUtils.initCipher(CipherUtils.java:120) ~[spring-security-crypto-5.0.0.M3.jar:na]
	at org.springframework.security.crypto.encrypt.AesBytesEncryptor.decrypt(AesBytesEncryptor.java:126) ~[spring-security-crypto-5.0.0.M3.jar:na]
	at org.springframework.security.crypto.encrypt.HexEncodingTextEncryptor.decrypt(HexEncodingTextEncryptor.java:40) ~[spring-security-crypto-5.0.0.M3.jar:na]
	at org.springframework.cloud.bootstrap.encrypt.EnvironmentDecryptApplicationInitializer.decrypt(EnvironmentDecryptApplicationInitializer.java:193) ~[classes/:na]
	... 40 common frames omitted
Caused by: java.security.InvalidKeyException: Illegal key size
	at javax.crypto.Cipher.checkCryptoPerm(Cipher.java:1039) ~[na:1.8.0_121]
	at javax.crypto.Cipher.implInit(Cipher.java:805) ~[na:1.8.0_121]
	at javax.crypto.Cipher.chooseProvider(Cipher.java:864) ~[na:1.8.0_121]
	at javax.crypto.Cipher.init(Cipher.java:1396) ~[na:1.8.0_121]
	at javax.crypto.Cipher.init(Cipher.java:1327) ~[na:1.8.0_121]
	at org.springframework.security.crypto.encrypt.CipherUtils.initCipher(CipherUtils.java:113) ~[spring-security-crypto-5.0.0.M3.jar:na]
	... 43 common frames omitted

2017-08-29 13:03:08.572 ERROR 73951 --- [           main] o.s.test.context.TestContextManager      : Caught exception while allowing TestExecutionListener [org.springframework.test.context.web.ServletTestExecutionListener@26c700ff] to prepare test instance [org.springframework.cloud.bootstrap.BootstrapOrderingAutoConfigurationIntegrationTests@7bc9a65e]

java.lang.IllegalStateException: Failed to load ApplicationContext
	at org.springframework.test.context.cache.DefaultCacheAwareContextLoaderDelegate.loadContext(DefaultCacheAwareContextLoaderDelegate.java:125) ~[spring-test-5.0.0.RC3.jar:5.0.0.RC3]
	at org.springframework.test.context.support.DefaultTestContext.getApplicationContext(DefaultTestContext.java:107) ~[spring-test-5.0.0.RC3.jar:5.0.0.RC3]
	at org.springframework.test.context.web.ServletTestExecutionListener.setUpRequestContextIfNecessary(ServletTestExecutionListener.java:190) ~[spring-test-5.0.0.RC3.jar:5.0.0.RC3]
	at org.springframework.test.context.web.ServletTestExecutionListener.prepareTestInstance(ServletTestExecutionListener.java:132) ~[spring-test-5.0.0.RC3.jar:5.0.0.RC3]
	at org.springframework.test.context.TestContextManager.prepareTestInstance(TestContextManager.java:242) ~[spring-test-5.0.0.RC3.jar:5.0.0.RC3]
	at org.springframework.test.context.junit4.SpringJUnit4ClassRunner.createTest(SpringJUnit4ClassRunner.java:227) [spring-test-5.0.0.RC3.jar:5.0.0.RC3]
	at org.springframework.test.context.junit4.SpringJUnit4ClassRunner$1.runReflectiveCall(SpringJUnit4ClassRunner.java:289) [spring-test-5.0.0.RC3.jar:5.0.0.RC3]
	at org.junit.internal.runners.model.ReflectiveCallable.run(ReflectiveCallable.java:12) [junit-4.12.jar:4.12]
	at org.springframework.test.context.junit4.SpringJUnit4ClassRunner.methodBlock(SpringJUnit4ClassRunner.java:291) [spring-test-5.0.0.RC3.jar:5.0.0.RC3]
	at org.springframework.test.context.junit4.SpringJUnit4ClassRunner.runChild(SpringJUnit4ClassRunner.java:246) [spring-test-5.0.0.RC3.jar:5.0.0.RC3]
	at org.springframework.test.context.junit4.SpringJUnit4ClassRunner.runChild(SpringJUnit4ClassRunner.java:97) [spring-test-5.0.0.RC3.jar:5.0.0.RC3]
	at org.junit.runners.ParentRunner$3.run(ParentRunner.java:290) [junit-4.12.jar:4.12]
	at org.junit.runners.ParentRunner$1.schedule(ParentRunner.java:71) [junit-4.12.jar:4.12]
	at org.junit.runners.ParentRunner.runChildren(ParentRunner.java:288) [junit-4.12.jar:4.12]
	at org.junit.runners.ParentRunner.access$000(ParentRunner.java:58) [junit-4.12.jar:4.12]
	at org.junit.runners.ParentRunner$2.evaluate(ParentRunner.java:268) [junit-4.12.jar:4.12]
	at org.springframework.test.context.junit4.statements.RunBeforeTestClassCallbacks.evaluate(RunBeforeTestClassCallbacks.java:61) [spring-test-5.0.0.RC3.jar:5.0.0.RC3]
	at org.springframework.test.context.junit4.statements.RunAfterTestClassCallbacks.evaluate(RunAfterTestClassCallbacks.java:70) [spring-test-5.0.0.RC3.jar:5.0.0.RC3]
	at org.junit.runners.ParentRunner.run(ParentRunner.java:363) [junit-4.12.jar:4.12]
	at org.springframework.test.context.junit4.SpringJUnit4ClassRunner.run(SpringJUnit4ClassRunner.java:190) [spring-test-5.0.0.RC3.jar:5.0.0.RC3]
	at org.apache.maven.surefire.junit4.JUnit4Provider.execute(JUnit4Provider.java:252) [surefire-junit4-2.12.4.jar:2.12.4]
	at org.apache.maven.surefire.junit4.JUnit4Provider.executeTestSet(JUnit4Provider.java:141) [surefire-junit4-2.12.4.jar:2.12.4]
	at org.apache.maven.surefire.junit4.JUnit4Provider.invoke(JUnit4Provider.java:112) [surefire-junit4-2.12.4.jar:2.12.4]
	at sun.reflect.NativeMethodAccessorImpl.invoke0(Native Method) ~[na:1.8.0_131]
	at sun.reflect.NativeMethodAccessorImpl.invoke(NativeMethodAccessorImpl.java:62) ~[na:1.8.0_131]
	at sun.reflect.DelegatingMethodAccessorImpl.invoke(DelegatingMethodAccessorImpl.java:43) ~[na:1.8.0_131]
	at java.lang.reflect.Method.invoke(Method.java:498) ~[na:1.8.0_131]
	at org.apache.maven.surefire.util.ReflectionUtils.invokeMethodWithArray(ReflectionUtils.java:189) [surefire-api-2.12.4.jar:2.12.4]
	at org.apache.maven.surefire.booter.ProviderFactory$ProviderProxy.invoke(ProviderFactory.java:165) [surefire-booter-2.12.4.jar:2.12.4]
	at org.apache.maven.surefire.booter.ProviderFactory.invokeProvider(ProviderFactory.java:85) [surefire-booter-2.12.4.jar:2.12.4]
	at org.apache.maven.surefire.booter.ForkedBooter.runSuitesInProcess(ForkedBooter.java:115) [surefire-booter-2.12.4.jar:2.12.4]
	at org.apache.maven.surefire.booter.ForkedBooter.main(ForkedBooter.java:75) [surefire-booter-2.12.4.jar:2.12.4]
Caused by: java.lang.IllegalStateException: Cannot decrypt: key=bar
	at org.springframework.cloud.bootstrap.encrypt.EnvironmentDecryptApplicationInitializer.decrypt(EnvironmentDecryptApplicationInitializer.java:201) ~[classes/:na]
	at org.springframework.cloud.bootstrap.encrypt.EnvironmentDecryptApplicationInitializer.decrypt(EnvironmentDecryptApplicationInitializer.java:165) ~[classes/:na]
	at org.springframework.cloud.bootstrap.encrypt.EnvironmentDecryptApplicationInitializer.initialize(EnvironmentDecryptApplicationInitializer.java:95) ~[classes/:na]
	at org.springframework.cloud.bootstrap.BootstrapApplicationListener$DelegatingEnvironmentDecryptApplicationInitializer.initialize(BootstrapApplicationListener.java:370) ~[classes/:na]
	at org.springframework.boot.SpringApplication.applyInitializers(SpringApplication.java:624) ~[spring-boot-2.0.0.M3.jar:2.0.0.M3]
	at org.springframework.boot.SpringApplication.prepareContext(SpringApplication.java:364) ~[spring-boot-2.0.0.M3.jar:2.0.0.M3]
	at org.springframework.boot.SpringApplication.run(SpringApplication.java:325) ~[spring-boot-2.0.0.M3.jar:2.0.0.M3]
	at org.springframework.boot.test.context.SpringBootContextLoader.loadContext(SpringBootContextLoader.java:138) ~[spring-boot-test-2.0.0.M3.jar:2.0.0.M3]
	at org.springframework.test.context.cache.DefaultCacheAwareContextLoaderDelegate.loadContextInternal(DefaultCacheAwareContextLoaderDelegate.java:99) ~[spring-test-5.0.0.RC3.jar:5.0.0.RC3]
	at org.springframework.test.context.cache.DefaultCacheAwareContextLoaderDelegate.loadContext(DefaultCacheAwareContextLoaderDelegate.java:117) ~[spring-test-5.0.0.RC3.jar:5.0.0.RC3]
	... 31 common frames omitted
Caused by: java.lang.IllegalArgumentException: Unable to initialize due to invalid secret key
	at org.springframework.security.crypto.encrypt.CipherUtils.initCipher(CipherUtils.java:120) ~[spring-security-crypto-5.0.0.M3.jar:na]
	at org.springframework.security.crypto.encrypt.AesBytesEncryptor.decrypt(AesBytesEncryptor.java:126) ~[spring-security-crypto-5.0.0.M3.jar:na]
	at org.springframework.security.crypto.encrypt.HexEncodingTextEncryptor.decrypt(HexEncodingTextEncryptor.java:40) ~[spring-security-crypto-5.0.0.M3.jar:na]
	at org.springframework.cloud.bootstrap.encrypt.EnvironmentDecryptApplicationInitializer.decrypt(EnvironmentDecryptApplicationInitializer.java:193) ~[classes/:na]
	... 40 common frames omitted
Caused by: java.security.InvalidKeyException: Illegal key size
	at javax.crypto.Cipher.checkCryptoPerm(Cipher.java:1039) ~[na:1.8.0_121]
	at javax.crypto.Cipher.implInit(Cipher.java:805) ~[na:1.8.0_121]
	at javax.crypto.Cipher.chooseProvider(Cipher.java:864) ~[na:1.8.0_121]
	at javax.crypto.Cipher.init(Cipher.java:1396) ~[na:1.8.0_121]
	at javax.crypto.Cipher.init(Cipher.java:1327) ~[na:1.8.0_121]
	at org.springframework.security.crypto.encrypt.CipherUtils.initCipher(CipherUtils.java:113) ~[spring-security-crypto-5.0.0.M3.jar:na]
	... 43 common frames omitted

</system-out>
  </testcase>
  <testcase classname="org.springframework.cloud.bootstrap.BootstrapOrderingAutoConfigurationIntegrationTests" name="bootstrapPropertiesExist" time="0.003">
    <skipped/>
  </testcase>
  <testcase classname="org.springframework.cloud.bootstrap.BootstrapOrderingAutoConfigurationIntegrationTests" name="bootstrapPropertiesDecrypted" time="0">
    <error message="Failed to load ApplicationContext" type="java.lang.IllegalStateException">java.lang.IllegalStateException: Failed to load ApplicationContext
	at org.springframework.test.context.cache.DefaultCacheAwareContextLoaderDelegate.loadContext(DefaultCacheAwareContextLoaderDelegate.java:125)
	at org.springframework.test.context.support.DefaultTestContext.getApplicationContext(DefaultTestContext.java:107)
	at org.springframework.test.context.web.ServletTestExecutionListener.setUpRequestContextIfNecessary(ServletTestExecutionListener.java:190)
	at org.springframework.test.context.web.ServletTestExecutionListener.prepareTestInstance(ServletTestExecutionListener.java:132)
	at org.springframework.test.context.TestContextManager.prepareTestInstance(TestContextManager.java:242)
	at org.springframework.test.context.junit4.SpringJUnit4ClassRunner.createTest(SpringJUnit4ClassRunner.java:227)
	at org.springframework.test.context.junit4.SpringJUnit4ClassRunner$1.runReflectiveCall(SpringJUnit4ClassRunner.java:289)
	at org.junit.internal.runners.model.ReflectiveCallable.run(ReflectiveCallable.java:12)
	at org.springframework.test.context.junit4.SpringJUnit4ClassRunner.methodBlock(SpringJUnit4ClassRunner.java:291)
	at org.springframework.test.context.junit4.SpringJUnit4ClassRunner.runChild(SpringJUnit4ClassRunner.java:246)
	at org.springframework.test.context.junit4.SpringJUnit4ClassRunner.runChild(SpringJUnit4ClassRunner.java:97)
	at org.junit.runners.ParentRunner$3.run(ParentRunner.java:290)
	at org.junit.runners.ParentRunner$1.schedule(ParentRunner.java:71)
	at org.junit.runners.ParentRunner.runChildren(ParentRunner.java:288)
	at org.junit.runners.ParentRunner.access$000(ParentRunner.java:58)
	at org.junit.runners.ParentRunner$2.evaluate(ParentRunner.java:268)
	at org.springframework.test.context.junit4.statements.RunBeforeTestClassCallbacks.evaluate(RunBeforeTestClassCallbacks.java:61)
	at org.springframework.test.context.junit4.statements.RunAfterTestClassCallbacks.evaluate(RunAfterTestClassCallbacks.java:70)
	at org.junit.runners.ParentRunner.run(ParentRunner.java:363)
	at org.springframework.test.context.junit4.SpringJUnit4ClassRunner.run(SpringJUnit4ClassRunner.java:190)
	at org.apache.maven.surefire.junit4.JUnit4Provider.execute(JUnit4Provider.java:252)
	at org.apache.maven.surefire.junit4.JUnit4Provider.executeTestSet(JUnit4Provider.java:141)
	at org.apache.maven.surefire.junit4.JUnit4Provider.invoke(JUnit4Provider.java:112)
	at sun.reflect.NativeMethodAccessorImpl.invoke0(Native Method)
	at sun.reflect.NativeMethodAccessorImpl.invoke(NativeMethodAccessorImpl.java:62)
	at sun.reflect.DelegatingMethodAccessorImpl.invoke(DelegatingMethodAccessorImpl.java:43)
	at java.lang.reflect.Method.invoke(Method.java:498)
	at org.apache.maven.surefire.util.ReflectionUtils.invokeMethodWithArray(ReflectionUtils.java:189)
	at org.apache.maven.surefire.booter.ProviderFactory$ProviderProxy.invoke(ProviderFactory.java:165)
	at org.apache.maven.surefire.booter.ProviderFactory.invokeProvider(ProviderFactory.java:85)
	at org.apache.maven.surefire.booter.ForkedBooter.runSuitesInProcess(ForkedBooter.java:115)
	at org.apache.maven.surefire.booter.ForkedBooter.main(ForkedBooter.java:75)
Caused by: java.lang.IllegalStateException: Cannot decrypt: key=bar
	at org.springframework.cloud.bootstrap.encrypt.EnvironmentDecryptApplicationInitializer.decrypt(EnvironmentDecryptApplicationInitializer.java:201)
	at org.springframework.cloud.bootstrap.encrypt.EnvironmentDecryptApplicationInitializer.decrypt(EnvironmentDecryptApplicationInitializer.java:165)
	at org.springframework.cloud.bootstrap.encrypt.EnvironmentDecryptApplicationInitializer.initialize(EnvironmentDecryptApplicationInitializer.java:95)
	at org.springframework.cloud.bootstrap.BootstrapApplicationListener$DelegatingEnvironmentDecryptApplicationInitializer.initialize(BootstrapApplicationListener.java:370)
	at org.springframework.boot.SpringApplication.applyInitializers(SpringApplication.java:624)
	at org.springframework.boot.SpringApplication.prepareContext(SpringApplication.java:364)
	at org.springframework.boot.SpringApplication.run(SpringApplication.java:325)
	at org.springframework.boot.test.context.SpringBootContextLoader.loadContext(SpringBootContextLoader.java:138)
	at org.springframework.test.context.cache.DefaultCacheAwareContextLoaderDelegate.loadContextInternal(DefaultCacheAwareContextLoaderDelegate.java:99)
	at org.springframework.test.context.cache.DefaultCacheAwareContextLoaderDelegate.loadContext(DefaultCacheAwareContextLoaderDelegate.java:117)
	... 31 more
Caused by: java.lang.IllegalArgumentException: Unable to initialize due to invalid secret key
	at org.springframework.security.crypto.encrypt.CipherUtils.initCipher(CipherUtils.java:120)
	at org.springframework.security.crypto.encrypt.AesBytesEncryptor.decrypt(AesBytesEncryptor.java:126)
	at org.springframework.security.crypto.encrypt.HexEncodingTextEncryptor.decrypt(HexEncodingTextEncryptor.java:40)
	at org.springframework.cloud.bootstrap.encrypt.EnvironmentDecryptApplicationInitializer.decrypt(EnvironmentDecryptApplicationInitializer.java:193)
	... 40 more
Caused by: java.security.InvalidKeyException: Illegal key size
	at javax.crypto.Cipher.checkCryptoPerm(Cipher.java:1039)
	at javax.crypto.Cipher.implInit(Cipher.java:805)
	at javax.crypto.Cipher.chooseProvider(Cipher.java:864)
	at javax.crypto.Cipher.init(Cipher.java:1396)
	at javax.crypto.Cipher.init(Cipher.java:1327)
	at org.springframework.security.crypto.encrypt.CipherUtils.initCipher(CipherUtils.java:113)
	... 43 more
</error>
    <system-out>2017-08-29 13:03:08.588  INFO 73951 --- [           main] s.c.a.AnnotationConfigApplicationContext : Refreshing org.springframework.context.annotation.AnnotationConfigApplicationContext@7de09d35: startup date [Tue Aug 29 13:03:08 CEST 2017]; root of context hierarchy
2017-08-29 13:03:08.598  INFO 73951 --- [           main] f.a.AutowiredAnnotationBeanPostProcessor : JSR-330 &apos;javax.inject.Inject&apos; annotation found and supported for autowiring
2017-08-29 13:03:08.607  INFO 73951 --- [           main] trationDelegate$BeanPostProcessorChecker : Bean &apos;configurationPropertiesRebinderAutoConfiguration&apos; of type [org.springframework.cloud.autoconfigure.ConfigurationPropertiesRebinderAutoConfiguration$$EnhancerBySpringCGLIB$$ce977fe5] is not eligible for getting processed by all BeanPostProcessors (for example: not eligible for auto-proxying)
2017-08-29 13:03:08.644 DEBUG 73951 --- [           main] .c.l.ClasspathLoggingApplicationListener : Application started with classpath: [file:/Users/mgrzejszczak/repo/spring-cloud-commons/spring-cloud-context/target/surefire/surefirebooter8868137554170360564.jar]

  .   ____          _            __ _ _
 /\\ / ___&apos;_ __ _ _(_)_ __  __ _ \ \ \ \
( ( )\___ | &apos;_ | &apos;_| | &apos;_ \/ _` | \ \ \ \
 \\/  ___)| |_)| | | | | || (_| |  ) ) ) )
  &apos;  |____| .__|_| |_|_| |_\__, | / / / /
 =========|_|==============|___/=/_/_/_/
 :: Spring Boot ::             (v2.0.0.M3)

2017-08-29 13:03:08.646 DEBUG 73951 --- [           main] .c.l.ClasspathLoggingApplicationListener : Application failed to start with classpath: [file:/Users/mgrzejszczak/repo/spring-cloud-commons/spring-cloud-context/target/surefire/surefirebooter8868137554170360564.jar]
2017-08-29 13:03:08.647 ERROR 73951 --- [           main] o.s.boot.SpringApplication               : Application startup failed

java.lang.IllegalStateException: Cannot decrypt: key=bar
	at org.springframework.cloud.bootstrap.encrypt.EnvironmentDecryptApplicationInitializer.decrypt(EnvironmentDecryptApplicationInitializer.java:201) ~[classes/:na]
	at org.springframework.cloud.bootstrap.encrypt.EnvironmentDecryptApplicationInitializer.decrypt(EnvironmentDecryptApplicationInitializer.java:165) ~[classes/:na]
	at org.springframework.cloud.bootstrap.encrypt.EnvironmentDecryptApplicationInitializer.initialize(EnvironmentDecryptApplicationInitializer.java:95) ~[classes/:na]
	at org.springframework.cloud.bootstrap.BootstrapApplicationListener$DelegatingEnvironmentDecryptApplicationInitializer.initialize(BootstrapApplicationListener.java:370) ~[classes/:na]
	at org.springframework.boot.SpringApplication.applyInitializers(SpringApplication.java:624) ~[spring-boot-2.0.0.M3.jar:2.0.0.M3]
	at org.springframework.boot.SpringApplication.prepareContext(SpringApplication.java:364) ~[spring-boot-2.0.0.M3.jar:2.0.0.M3]
	at org.springframework.boot.SpringApplication.run(SpringApplication.java:325) ~[spring-boot-2.0.0.M3.jar:2.0.0.M3]
	at org.springframework.boot.test.context.SpringBootContextLoader.loadContext(SpringBootContextLoader.java:138) [spring-boot-test-2.0.0.M3.jar:2.0.0.M3]
	at org.springframework.test.context.cache.DefaultCacheAwareContextLoaderDelegate.loadContextInternal(DefaultCacheAwareContextLoaderDelegate.java:99) [spring-test-5.0.0.RC3.jar:5.0.0.RC3]
	at org.springframework.test.context.cache.DefaultCacheAwareContextLoaderDelegate.loadContext(DefaultCacheAwareContextLoaderDelegate.java:117) [spring-test-5.0.0.RC3.jar:5.0.0.RC3]
	at org.springframework.test.context.support.DefaultTestContext.getApplicationContext(DefaultTestContext.java:107) [spring-test-5.0.0.RC3.jar:5.0.0.RC3]
	at org.springframework.test.context.web.ServletTestExecutionListener.setUpRequestContextIfNecessary(ServletTestExecutionListener.java:190) [spring-test-5.0.0.RC3.jar:5.0.0.RC3]
	at org.springframework.test.context.web.ServletTestExecutionListener.prepareTestInstance(ServletTestExecutionListener.java:132) [spring-test-5.0.0.RC3.jar:5.0.0.RC3]
	at org.springframework.test.context.TestContextManager.prepareTestInstance(TestContextManager.java:242) [spring-test-5.0.0.RC3.jar:5.0.0.RC3]
	at org.springframework.test.context.junit4.SpringJUnit4ClassRunner.createTest(SpringJUnit4ClassRunner.java:227) [spring-test-5.0.0.RC3.jar:5.0.0.RC3]
	at org.springframework.test.context.junit4.SpringJUnit4ClassRunner$1.runReflectiveCall(SpringJUnit4ClassRunner.java:289) [spring-test-5.0.0.RC3.jar:5.0.0.RC3]
	at org.junit.internal.runners.model.ReflectiveCallable.run(ReflectiveCallable.java:12) [junit-4.12.jar:4.12]
	at org.springframework.test.context.junit4.SpringJUnit4ClassRunner.methodBlock(SpringJUnit4ClassRunner.java:291) [spring-test-5.0.0.RC3.jar:5.0.0.RC3]
	at org.springframework.test.context.junit4.SpringJUnit4ClassRunner.runChild(SpringJUnit4ClassRunner.java:246) [spring-test-5.0.0.RC3.jar:5.0.0.RC3]
	at org.springframework.test.context.junit4.SpringJUnit4ClassRunner.runChild(SpringJUnit4ClassRunner.java:97) [spring-test-5.0.0.RC3.jar:5.0.0.RC3]
	at org.junit.runners.ParentRunner$3.run(ParentRunner.java:290) [junit-4.12.jar:4.12]
	at org.junit.runners.ParentRunner$1.schedule(ParentRunner.java:71) [junit-4.12.jar:4.12]
	at org.junit.runners.ParentRunner.runChildren(ParentRunner.java:288) [junit-4.12.jar:4.12]
	at org.junit.runners.ParentRunner.access$000(ParentRunner.java:58) [junit-4.12.jar:4.12]
	at org.junit.runners.ParentRunner$2.evaluate(ParentRunner.java:268) [junit-4.12.jar:4.12]
	at org.springframework.test.context.junit4.statements.RunBeforeTestClassCallbacks.evaluate(RunBeforeTestClassCallbacks.java:61) [spring-test-5.0.0.RC3.jar:5.0.0.RC3]
	at org.springframework.test.context.junit4.statements.RunAfterTestClassCallbacks.evaluate(RunAfterTestClassCallbacks.java:70) [spring-test-5.0.0.RC3.jar:5.0.0.RC3]
	at org.junit.runners.ParentRunner.run(ParentRunner.java:363) [junit-4.12.jar:4.12]
	at org.springframework.test.context.junit4.SpringJUnit4ClassRunner.run(SpringJUnit4ClassRunner.java:190) [spring-test-5.0.0.RC3.jar:5.0.0.RC3]
	at org.apache.maven.surefire.junit4.JUnit4Provider.execute(JUnit4Provider.java:252) [surefire-junit4-2.12.4.jar:2.12.4]
	at org.apache.maven.surefire.junit4.JUnit4Provider.executeTestSet(JUnit4Provider.java:141) [surefire-junit4-2.12.4.jar:2.12.4]
	at org.apache.maven.surefire.junit4.JUnit4Provider.invoke(JUnit4Provider.java:112) [surefire-junit4-2.12.4.jar:2.12.4]
	at sun.reflect.NativeMethodAccessorImpl.invoke0(Native Method) ~[na:1.8.0_131]
	at sun.reflect.NativeMethodAccessorImpl.invoke(NativeMethodAccessorImpl.java:62) ~[na:1.8.0_131]
	at sun.reflect.DelegatingMethodAccessorImpl.invoke(DelegatingMethodAccessorImpl.java:43) ~[na:1.8.0_131]
	at java.lang.reflect.Method.invoke(Method.java:498) ~[na:1.8.0_131]
	at org.apache.maven.surefire.util.ReflectionUtils.invokeMethodWithArray(ReflectionUtils.java:189) [surefire-api-2.12.4.jar:2.12.4]
	at org.apache.maven.surefire.booter.ProviderFactory$ProviderProxy.invoke(ProviderFactory.java:165) [surefire-booter-2.12.4.jar:2.12.4]
	at org.apache.maven.surefire.booter.ProviderFactory.invokeProvider(ProviderFactory.java:85) [surefire-booter-2.12.4.jar:2.12.4]
	at org.apache.maven.surefire.booter.ForkedBooter.runSuitesInProcess(ForkedBooter.java:115) [surefire-booter-2.12.4.jar:2.12.4]
	at org.apache.maven.surefire.booter.ForkedBooter.main(ForkedBooter.java:75) [surefire-booter-2.12.4.jar:2.12.4]
Caused by: java.lang.IllegalArgumentException: Unable to initialize due to invalid secret key
	at org.springframework.security.crypto.encrypt.CipherUtils.initCipher(CipherUtils.java:120) ~[spring-security-crypto-5.0.0.M3.jar:na]
	at org.springframework.security.crypto.encrypt.AesBytesEncryptor.decrypt(AesBytesEncryptor.java:126) ~[spring-security-crypto-5.0.0.M3.jar:na]
	at org.springframework.security.crypto.encrypt.HexEncodingTextEncryptor.decrypt(HexEncodingTextEncryptor.java:40) ~[spring-security-crypto-5.0.0.M3.jar:na]
	at org.springframework.cloud.bootstrap.encrypt.EnvironmentDecryptApplicationInitializer.decrypt(EnvironmentDecryptApplicationInitializer.java:193) ~[classes/:na]
	... 40 common frames omitted
Caused by: java.security.InvalidKeyException: Illegal key size
	at javax.crypto.Cipher.checkCryptoPerm(Cipher.java:1039) ~[na:1.8.0_121]
	at javax.crypto.Cipher.implInit(Cipher.java:805) ~[na:1.8.0_121]
	at javax.crypto.Cipher.chooseProvider(Cipher.java:864) ~[na:1.8.0_121]
	at javax.crypto.Cipher.init(Cipher.java:1396) ~[na:1.8.0_121]
	at javax.crypto.Cipher.init(Cipher.java:1327) ~[na:1.8.0_121]
	at org.springframework.security.crypto.encrypt.CipherUtils.initCipher(CipherUtils.java:113) ~[spring-security-crypto-5.0.0.M3.jar:na]
	... 43 common frames omitted

2017-08-29 13:03:08.648 ERROR 73951 --- [           main] o.s.test.context.TestContextManager      : Caught exception while allowing TestExecutionListener [org.springframework.test.context.web.ServletTestExecutionListener@26c700ff] to prepare test instance [org.springframework.cloud.bootstrap.BootstrapOrderingAutoConfigurationIntegrationTests@39b8363b]

java.lang.IllegalStateException: Failed to load ApplicationContext
	at org.springframework.test.context.cache.DefaultCacheAwareContextLoaderDelegate.loadContext(DefaultCacheAwareContextLoaderDelegate.java:125) ~[spring-test-5.0.0.RC3.jar:5.0.0.RC3]
	at org.springframework.test.context.support.DefaultTestContext.getApplicationContext(DefaultTestContext.java:107) ~[spring-test-5.0.0.RC3.jar:5.0.0.RC3]
	at org.springframework.test.context.web.ServletTestExecutionListener.setUpRequestContextIfNecessary(ServletTestExecutionListener.java:190) ~[spring-test-5.0.0.RC3.jar:5.0.0.RC3]
	at org.springframework.test.context.web.ServletTestExecutionListener.prepareTestInstance(ServletTestExecutionListener.java:132) ~[spring-test-5.0.0.RC3.jar:5.0.0.RC3]
	at org.springframework.test.context.TestContextManager.prepareTestInstance(TestContextManager.java:242) ~[spring-test-5.0.0.RC3.jar:5.0.0.RC3]
	at org.springframework.test.context.junit4.SpringJUnit4ClassRunner.createTest(SpringJUnit4ClassRunner.java:227) [spring-test-5.0.0.RC3.jar:5.0.0.RC3]
	at org.springframework.test.context.junit4.SpringJUnit4ClassRunner$1.runReflectiveCall(SpringJUnit4ClassRunner.java:289) [spring-test-5.0.0.RC3.jar:5.0.0.RC3]
	at org.junit.internal.runners.model.ReflectiveCallable.run(ReflectiveCallable.java:12) [junit-4.12.jar:4.12]
	at org.springframework.test.context.junit4.SpringJUnit4ClassRunner.methodBlock(SpringJUnit4ClassRunner.java:291) [spring-test-5.0.0.RC3.jar:5.0.0.RC3]
	at org.springframework.test.context.junit4.SpringJUnit4ClassRunner.runChild(SpringJUnit4ClassRunner.java:246) [spring-test-5.0.0.RC3.jar:5.0.0.RC3]
	at org.springframework.test.context.junit4.SpringJUnit4ClassRunner.runChild(SpringJUnit4ClassRunner.java:97) [spring-test-5.0.0.RC3.jar:5.0.0.RC3]
	at org.junit.runners.ParentRunner$3.run(ParentRunner.java:290) [junit-4.12.jar:4.12]
	at org.junit.runners.ParentRunner$1.schedule(ParentRunner.java:71) [junit-4.12.jar:4.12]
	at org.junit.runners.ParentRunner.runChildren(ParentRunner.java:288) [junit-4.12.jar:4.12]
	at org.junit.runners.ParentRunner.access$000(ParentRunner.java:58) [junit-4.12.jar:4.12]
	at org.junit.runners.ParentRunner$2.evaluate(ParentRunner.java:268) [junit-4.12.jar:4.12]
	at org.springframework.test.context.junit4.statements.RunBeforeTestClassCallbacks.evaluate(RunBeforeTestClassCallbacks.java:61) [spring-test-5.0.0.RC3.jar:5.0.0.RC3]
	at org.springframework.test.context.junit4.statements.RunAfterTestClassCallbacks.evaluate(RunAfterTestClassCallbacks.java:70) [spring-test-5.0.0.RC3.jar:5.0.0.RC3]
	at org.junit.runners.ParentRunner.run(ParentRunner.java:363) [junit-4.12.jar:4.12]
	at org.springframework.test.context.junit4.SpringJUnit4ClassRunner.run(SpringJUnit4ClassRunner.java:190) [spring-test-5.0.0.RC3.jar:5.0.0.RC3]
	at org.apache.maven.surefire.junit4.JUnit4Provider.execute(JUnit4Provider.java:252) [surefire-junit4-2.12.4.jar:2.12.4]
	at org.apache.maven.surefire.junit4.JUnit4Provider.executeTestSet(JUnit4Provider.java:141) [surefire-junit4-2.12.4.jar:2.12.4]
	at org.apache.maven.surefire.junit4.JUnit4Provider.invoke(JUnit4Provider.java:112) [surefire-junit4-2.12.4.jar:2.12.4]
	at sun.reflect.NativeMethodAccessorImpl.invoke0(Native Method) ~[na:1.8.0_131]
	at sun.reflect.NativeMethodAccessorImpl.invoke(NativeMethodAccessorImpl.java:62) ~[na:1.8.0_131]
	at sun.reflect.DelegatingMethodAccessorImpl.invoke(DelegatingMethodAccessorImpl.java:43) ~[na:1.8.0_131]
	at java.lang.reflect.Method.invoke(Method.java:498) ~[na:1.8.0_131]
	at org.apache.maven.surefire.util.ReflectionUtils.invokeMethodWithArray(ReflectionUtils.java:189) [surefire-api-2.12.4.jar:2.12.4]
	at org.apache.maven.surefire.booter.ProviderFactory$ProviderProxy.invoke(ProviderFactory.java:165) [surefire-booter-2.12.4.jar:2.12.4]
	at org.apache.maven.surefire.booter.ProviderFactory.invokeProvider(ProviderFactory.java:85) [surefire-booter-2.12.4.jar:2.12.4]
	at org.apache.maven.surefire.booter.ForkedBooter.runSuitesInProcess(ForkedBooter.java:115) [surefire-booter-2.12.4.jar:2.12.4]
	at org.apache.maven.surefire.booter.ForkedBooter.main(ForkedBooter.java:75) [surefire-booter-2.12.4.jar:2.12.4]
Caused by: java.lang.IllegalStateException: Cannot decrypt: key=bar
	at org.springframework.cloud.bootstrap.encrypt.EnvironmentDecryptApplicationInitializer.decrypt(EnvironmentDecryptApplicationInitializer.java:201) ~[classes/:na]
	at org.springframework.cloud.bootstrap.encrypt.EnvironmentDecryptApplicationInitializer.decrypt(EnvironmentDecryptApplicationInitializer.java:165) ~[classes/:na]
	at org.springframework.cloud.bootstrap.encrypt.EnvironmentDecryptApplicationInitializer.initialize(EnvironmentDecryptApplicationInitializer.java:95) ~[classes/:na]
	at org.springframework.cloud.bootstrap.BootstrapApplicationListener$DelegatingEnvironmentDecryptApplicationInitializer.initialize(BootstrapApplicationListener.java:370) ~[classes/:na]
	at org.springframework.boot.SpringApplication.applyInitializers(SpringApplication.java:624) ~[spring-boot-2.0.0.M3.jar:2.0.0.M3]
	at org.springframework.boot.SpringApplication.prepareContext(SpringApplication.java:364) ~[spring-boot-2.0.0.M3.jar:2.0.0.M3]
	at org.springframework.boot.SpringApplication.run(SpringApplication.java:325) ~[spring-boot-2.0.0.M3.jar:2.0.0.M3]
	at org.springframework.boot.test.context.SpringBootContextLoader.loadContext(SpringBootContextLoader.java:138) ~[spring-boot-test-2.0.0.M3.jar:2.0.0.M3]
	at org.springframework.test.context.cache.DefaultCacheAwareContextLoaderDelegate.loadContextInternal(DefaultCacheAwareContextLoaderDelegate.java:99) ~[spring-test-5.0.0.RC3.jar:5.0.0.RC3]
	at org.springframework.test.context.cache.DefaultCacheAwareContextLoaderDelegate.loadContext(DefaultCacheAwareContextLoaderDelegate.java:117) ~[spring-test-5.0.0.RC3.jar:5.0.0.RC3]
	... 31 common frames omitted
Caused by: java.lang.IllegalArgumentException: Unable to initialize due to invalid secret key
	at org.springframework.security.crypto.encrypt.CipherUtils.initCipher(CipherUtils.java:120) ~[spring-security-crypto-5.0.0.M3.jar:na]
	at org.springframework.security.crypto.encrypt.AesBytesEncryptor.decrypt(AesBytesEncryptor.java:126) ~[spring-security-crypto-5.0.0.M3.jar:na]
	at org.springframework.security.crypto.encrypt.HexEncodingTextEncryptor.decrypt(HexEncodingTextEncryptor.java:40) ~[spring-security-crypto-5.0.0.M3.jar:na]
	at org.springframework.cloud.bootstrap.encrypt.EnvironmentDecryptApplicationInitializer.decrypt(EnvironmentDecryptApplicationInitializer.java:193) ~[classes/:na]
	... 40 common frames omitted
Caused by: java.security.InvalidKeyException: Illegal key size
	at javax.crypto.Cipher.checkCryptoPerm(Cipher.java:1039) ~[na:1.8.0_121]
	at javax.crypto.Cipher.implInit(Cipher.java:805) ~[na:1.8.0_121]
	at javax.crypto.Cipher.chooseProvider(Cipher.java:864) ~[na:1.8.0_121]
	at javax.crypto.Cipher.init(Cipher.java:1396) ~[na:1.8.0_121]
	at javax.crypto.Cipher.init(Cipher.java:1327) ~[na:1.8.0_121]
	at org.springframework.security.crypto.encrypt.CipherUtils.initCipher(CipherUtils.java:113) ~[spring-security-crypto-5.0.0.M3.jar:na]
	... 43 common frames omitted

</system-out>
  </testcase>
</testsuite>