<?xml version="1.0" encoding="UTF-8" ?>
<testsuite tests="3" failures="0" name="org.springframework.cloud.context.scope.refresh.RefreshScopeConfigurationTests" time="0.099" errors="0" skipped="0">
  <properties>
[...]
</properties>
  <testcase classname="org.springframework.cloud.context.scope.refresh.RefreshScopeConfigurationTests" name="refreshScopeOnBean" time="0.035"/>
  <testcase classname="org.springframework.cloud.context.scope.refresh.RefreshScopeConfigurationTests" name="configurationWithRefreshScope" time="0.03"/>
  <testcase classname="org.springframework.cloud.context.scope.refresh.RefreshScopeConfigurationTests" name="refreshScopeOnNested" time="0.034"/>
</testsuite>