<?xml version="1.0" encoding="UTF-8" ?>
<testsuite tests="3" failures="0" name="org.springframework.cloud.bootstrap.encrypt.EncryptionBootstrapConfigurationTests" time="0.274" errors="2" skipped="0">
  <properties>
[...]
</properties>
  <testcase classname="org.springframework.cloud.bootstrap.encrypt.EncryptionBootstrapConfigurationTests" name="rsaKeyStoreWithRelaxedProperties" time="0.108">
    <error message="Unable to initialize due to invalid secret key" type="java.lang.IllegalArgumentException">java.lang.IllegalArgumentException: Unable to initialize due to invalid secret key
	at org.springframework.security.crypto.encrypt.CipherUtils.initCipher(CipherUtils.java:120)
	at org.springframework.security.crypto.encrypt.AesBytesEncryptor.encrypt(AesBytesEncryptor.java:115)
	at org.springframework.security.rsa.crypto.RsaSecretEncryptor.encrypt(RsaSecretEncryptor.java:193)
	at org.springframework.security.rsa.crypto.RsaSecretEncryptor.encrypt(RsaSecretEncryptor.java:172)
	at org.springframework.security.rsa.crypto.RsaSecretEncryptor.encrypt(RsaSecretEncryptor.java:158)
	at org.springframework.cloud.bootstrap.encrypt.EncryptionBootstrapConfigurationTests.rsaKeyStoreWithRelaxedProperties(EncryptionBootstrapConfigurationTests.java:41)
	at sun.reflect.NativeMethodAccessorImpl.invoke0(Native Method)
	at sun.reflect.NativeMethodAccessorImpl.invoke(NativeMethodAccessorImpl.java:62)
	at sun.reflect.DelegatingMethodAccessorImpl.invoke(DelegatingMethodAccessorImpl.java:43)
	at java.lang.reflect.Method.invoke(Method.java:498)
	at org.junit.runners.model.FrameworkMethod$1.runReflectiveCall(FrameworkMethod.java:50)
	at org.junit.internal.runners.model.ReflectiveCallable.run(ReflectiveCallable.java:12)
	at org.junit.runners.model.FrameworkMethod.invokeExplosively(FrameworkMethod.java:47)
	at org.junit.internal.runners.statements.InvokeMethod.evaluate(InvokeMethod.java:17)
	at org.junit.runners.ParentRunner.runLeaf(ParentRunner.java:325)
	at org.junit.runners.BlockJUnit4ClassRunner.runChild(BlockJUnit4ClassRunner.java:78)
	at org.junit.runners.BlockJUnit4ClassRunner.runChild(BlockJUnit4ClassRunner.java:57)
	at org.junit.runners.ParentRunner$3.run(ParentRunner.java:290)
	at org.junit.runners.ParentRunner$1.schedule(ParentRunner.java:71)
	at org.junit.runners.ParentRunner.runChildren(ParentRunner.java:288)
	at org.junit.runners.ParentRunner.access$000(ParentRunner.java:58)
	at org.junit.runners.ParentRunner$2.evaluate(ParentRunner.java:268)
	at org.junit.runners.ParentRunner.run(ParentRunner.java:363)
	at org.apache.maven.surefire.junit4.JUnit4Provider.execute(JUnit4Provider.java:252)
	at org.apache.maven.surefire.junit4.JUnit4Provider.executeTestSet(JUnit4Provider.java:141)
	at org.apache.maven.surefire.junit4.JUnit4Provider.invoke(JUnit4Provider.java:112)
	at sun.reflect.NativeMethodAccessorImpl.invoke0(Native Method)
	at sun.reflect.NativeMethodAccessorImpl.invoke(NativeMethodAccessorImpl.java:62)
	at sun.reflect.DelegatingMethodAccessorImpl.invoke(DelegatingMethodAccessorImpl.java:43)
	at java.lang.reflect.Method.invoke(Method.java:498)
	at org.apache.maven.surefire.util.ReflectionUtils.invokeMethodWithArray(ReflectionUtils.java:189)
	at org.apache.maven.surefire.booter.ProviderFactory$ProviderProxy.invoke(ProviderFactory.java:165)
	at org.apache.maven.surefire.booter.ProviderFactory.invokeProvider(ProviderFactory.java:85)
	at org.apache.maven.surefire.booter.ForkedBooter.runSuitesInProcess(ForkedBooter.java:115)
	at org.apache.maven.surefire.booter.ForkedBooter.main(ForkedBooter.java:75)
Caused by: java.security.InvalidKeyException: Illegal key size
	at javax.crypto.Cipher.checkCryptoPerm(Cipher.java:1039)
	at javax.crypto.Cipher.implInit(Cipher.java:805)
	at javax.crypto.Cipher.chooseProvider(Cipher.java:864)
	at javax.crypto.Cipher.init(Cipher.java:1396)
	at javax.crypto.Cipher.init(Cipher.java:1327)
	at org.springframework.security.crypto.encrypt.CipherUtils.initCipher(CipherUtils.java:113)
	... 34 more
</error>
    <system-out>2017-08-29 13:03:12.709  INFO 73951 --- [           main] s.c.a.AnnotationConfigApplicationContext : Refreshing org.springframework.context.annotation.AnnotationConfigApplicationContext@74afb4b7: startup date [Tue Aug 29 13:03:12 CEST 2017]; root of context hierarchy
2017-08-29 13:03:12.718  INFO 73951 --- [           main] f.a.AutowiredAnnotationBeanPostProcessor : JSR-330 &apos;javax.inject.Inject&apos; annotation found and supported for autowiring
2017-08-29 13:03:12.728  INFO 73951 --- [           main] trationDelegate$BeanPostProcessorChecker : Bean &apos;configurationPropertiesRebinderAutoConfiguration&apos; of type [org.springframework.cloud.autoconfigure.ConfigurationPropertiesRebinderAutoConfiguration$$EnhancerBySpringCGLIB$$ce977fe5] is not eligible for getting processed by all BeanPostProcessors (for example: not eligible for auto-proxying)
2017-08-29 13:03:12.771 DEBUG 73951 --- [           main] .c.l.ClasspathLoggingApplicationListener : Application started with classpath: [file:/Users/mgrzejszczak/repo/spring-cloud-commons/spring-cloud-context/target/surefire/surefirebooter8868137554170360564.jar]

  .   ____          _            __ _ _
 /\\ / ___&apos;_ __ _ _(_)_ __  __ _ \ \ \ \
( ( )\___ | &apos;_ | &apos;_| | &apos;_ \/ _` | \ \ \ \
 \\/  ___)| |_)| | | | | || (_| |  ) ) ) )
  &apos;  |____| .__|_| |_|_| |_\__, | / / / /
 =========|_|==============|___/=/_/_/_/
 :: Spring Boot ::             (v2.0.0.M3)

2017-08-29 13:03:12.772  INFO 73951 --- [           main] b.c.PropertySourceBootstrapConfiguration : Located property source: MapPropertySource [name=&apos;testBootstrap&apos;]
2017-08-29 13:03:12.773  INFO 73951 --- [           main] o.a.maven.surefire.booter.ForkedBooter   : No active profile set, falling back to default profiles: default
2017-08-29 13:03:12.773 DEBUG 73951 --- [           main] o.s.boot.SpringApplication               : Loading source class org.springframework.cloud.bootstrap.encrypt.EncryptionBootstrapConfiguration
2017-08-29 13:03:12.774 DEBUG 73951 --- [           main] o.s.b.c.c.ConfigFileApplicationListener  : Loaded config file &apos;file:/Users/mgrzejszczak/repo/spring-cloud-commons/spring-cloud-context/target/test-classes/application.properties&apos; (classpath:/application.properties)
2017-08-29 13:03:12.774  INFO 73951 --- [           main] s.c.a.AnnotationConfigApplicationContext : Refreshing org.springframework.context.annotation.AnnotationConfigApplicationContext@517c6a67: startup date [Tue Aug 29 13:03:12 CEST 2017]; parent: org.springframework.context.annotation.AnnotationConfigApplicationContext@74afb4b7
2017-08-29 13:03:12.778  INFO 73951 --- [           main] f.a.AutowiredAnnotationBeanPostProcessor : JSR-330 &apos;javax.inject.Inject&apos; annotation found and supported for autowiring
2017-08-29 13:03:12.798 DEBUG 73951 --- [           main] utoConfigurationReportLoggingInitializer : 


=========================
AUTO-CONFIGURATION REPORT
=========================


Positive matches:
-----------------

   EncryptionBootstrapConfiguration matched:
      - @ConditionalOnClass found required class &apos;org.springframework.security.crypto.encrypt.TextEncryptor&apos;; @ConditionalOnMissingClass did not find unwanted class (OnClassCondition)

   EncryptionBootstrapConfiguration.RsaEncryptionConfiguration matched:
      - @ConditionalOnClass found required class &apos;org.springframework.security.rsa.crypto.RsaSecretEncryptor&apos;; @ConditionalOnMissingClass did not find unwanted class (OnClassCondition)
      - Keystore found in Environment (EncryptionBootstrapConfiguration.KeyCondition)


Negative matches:
-----------------

   EncryptionBootstrapConfiguration.RsaEncryptionConfiguration#textEncryptor:
      Did not match:
         - @ConditionalOnMissingBean (types: org.springframework.security.crypto.encrypt.TextEncryptor; SearchStrategy: all) found beans of type&apos;org.springframework.security.crypto.encrypt.TextEncryptor&apos;textEncryptor (OnBeanCondition)

   EncryptionBootstrapConfiguration.VanillaEncryptionConfiguration:
      Did not match:
         - @ConditionalOnMissingClass found unwanted class &apos;org.springframework.security.rsa.crypto.RsaSecretEncryptor&apos; (OnClassCondition)


Exclusions:
-----------

    None


Unconditional classes:
----------------------

    None



2017-08-29 13:03:12.799  INFO 73951 --- [           main] o.a.maven.surefire.booter.ForkedBooter   : Started ForkedBooter in 0.102 seconds (JVM running for 29.934)
</system-out>
  </testcase>
  <testcase classname="org.springframework.cloud.bootstrap.encrypt.EncryptionBootstrapConfigurationTests" name="rsaKeyStore" time="0.103">
    <error message="Unable to initialize due to invalid secret key" type="java.lang.IllegalArgumentException">java.lang.IllegalArgumentException: Unable to initialize due to invalid secret key
	at org.springframework.security.crypto.encrypt.CipherUtils.initCipher(CipherUtils.java:120)
	at org.springframework.security.crypto.encrypt.AesBytesEncryptor.encrypt(AesBytesEncryptor.java:115)
	at org.springframework.security.rsa.crypto.RsaSecretEncryptor.encrypt(RsaSecretEncryptor.java:193)
	at org.springframework.security.rsa.crypto.RsaSecretEncryptor.encrypt(RsaSecretEncryptor.java:172)
	at org.springframework.security.rsa.crypto.RsaSecretEncryptor.encrypt(RsaSecretEncryptor.java:158)
	at org.springframework.cloud.bootstrap.encrypt.EncryptionBootstrapConfigurationTests.rsaKeyStore(EncryptionBootstrapConfigurationTests.java:26)
	at sun.reflect.NativeMethodAccessorImpl.invoke0(Native Method)
	at sun.reflect.NativeMethodAccessorImpl.invoke(NativeMethodAccessorImpl.java:62)
	at sun.reflect.DelegatingMethodAccessorImpl.invoke(DelegatingMethodAccessorImpl.java:43)
	at java.lang.reflect.Method.invoke(Method.java:498)
	at org.junit.runners.model.FrameworkMethod$1.runReflectiveCall(FrameworkMethod.java:50)
	at org.junit.internal.runners.model.ReflectiveCallable.run(ReflectiveCallable.java:12)
	at org.junit.runners.model.FrameworkMethod.invokeExplosively(FrameworkMethod.java:47)
	at org.junit.internal.runners.statements.InvokeMethod.evaluate(InvokeMethod.java:17)
	at org.junit.runners.ParentRunner.runLeaf(ParentRunner.java:325)
	at org.junit.runners.BlockJUnit4ClassRunner.runChild(BlockJUnit4ClassRunner.java:78)
	at org.junit.runners.BlockJUnit4ClassRunner.runChild(BlockJUnit4ClassRunner.java:57)
	at org.junit.runners.ParentRunner$3.run(ParentRunner.java:290)
	at org.junit.runners.ParentRunner$1.schedule(ParentRunner.java:71)
	at org.junit.runners.ParentRunner.runChildren(ParentRunner.java:288)
	at org.junit.runners.ParentRunner.access$000(ParentRunner.java:58)
	at org.junit.runners.ParentRunner$2.evaluate(ParentRunner.java:268)
	at org.junit.runners.ParentRunner.run(ParentRunner.java:363)
	at org.apache.maven.surefire.junit4.JUnit4Provider.execute(JUnit4Provider.java:252)
	at org.apache.maven.surefire.junit4.JUnit4Provider.executeTestSet(JUnit4Provider.java:141)
	at org.apache.maven.surefire.junit4.JUnit4Provider.invoke(JUnit4Provider.java:112)
	at sun.reflect.NativeMethodAccessorImpl.invoke0(Native Method)
	at sun.reflect.NativeMethodAccessorImpl.invoke(NativeMethodAccessorImpl.java:62)
	at sun.reflect.DelegatingMethodAccessorImpl.invoke(DelegatingMethodAccessorImpl.java:43)
	at java.lang.reflect.Method.invoke(Method.java:498)
	at org.apache.maven.surefire.util.ReflectionUtils.invokeMethodWithArray(ReflectionUtils.java:189)
	at org.apache.maven.surefire.booter.ProviderFactory$ProviderProxy.invoke(ProviderFactory.java:165)
	at org.apache.maven.surefire.booter.ProviderFactory.invokeProvider(ProviderFactory.java:85)
	at org.apache.maven.surefire.booter.ForkedBooter.runSuitesInProcess(ForkedBooter.java:115)
	at org.apache.maven.surefire.booter.ForkedBooter.main(ForkedBooter.java:75)
Caused by: java.security.InvalidKeyException: Illegal key size
	at javax.crypto.Cipher.checkCryptoPerm(Cipher.java:1039)
	at javax.crypto.Cipher.implInit(Cipher.java:805)
	at javax.crypto.Cipher.chooseProvider(Cipher.java:864)
	at javax.crypto.Cipher.init(Cipher.java:1396)
	at javax.crypto.Cipher.init(Cipher.java:1327)
	at org.springframework.security.crypto.encrypt.CipherUtils.initCipher(CipherUtils.java:113)
	... 34 more
</error>
    <system-out>2017-08-29 13:03:12.820  INFO 73951 --- [           main] s.c.a.AnnotationConfigApplicationContext : Refreshing org.springframework.context.annotation.AnnotationConfigApplicationContext@3936c2ea: startup date [Tue Aug 29 13:03:12 CEST 2017]; root of context hierarchy
2017-08-29 13:03:12.830  INFO 73951 --- [           main] f.a.AutowiredAnnotationBeanPostProcessor : JSR-330 &apos;javax.inject.Inject&apos; annotation found and supported for autowiring
2017-08-29 13:03:12.839  INFO 73951 --- [           main] trationDelegate$BeanPostProcessorChecker : Bean &apos;configurationPropertiesRebinderAutoConfiguration&apos; of type [org.springframework.cloud.autoconfigure.ConfigurationPropertiesRebinderAutoConfiguration$$EnhancerBySpringCGLIB$$ce977fe5] is not eligible for getting processed by all BeanPostProcessors (for example: not eligible for auto-proxying)
2017-08-29 13:03:12.877 DEBUG 73951 --- [           main] .c.l.ClasspathLoggingApplicationListener : Application started with classpath: [file:/Users/mgrzejszczak/repo/spring-cloud-commons/spring-cloud-context/target/surefire/surefirebooter8868137554170360564.jar]

  .   ____          _            __ _ _
 /\\ / ___&apos;_ __ _ _(_)_ __  __ _ \ \ \ \
( ( )\___ | &apos;_ | &apos;_| | &apos;_ \/ _` | \ \ \ \
 \\/  ___)| |_)| | | | | || (_| |  ) ) ) )
  &apos;  |____| .__|_| |_|_| |_\__, | / / / /
 =========|_|==============|___/=/_/_/_/
 :: Spring Boot ::             (v2.0.0.M3)

2017-08-29 13:03:12.878  INFO 73951 --- [           main] b.c.PropertySourceBootstrapConfiguration : Located property source: MapPropertySource [name=&apos;testBootstrap&apos;]
2017-08-29 13:03:12.879  INFO 73951 --- [           main] o.a.maven.surefire.booter.ForkedBooter   : No active profile set, falling back to default profiles: default
2017-08-29 13:03:12.880 DEBUG 73951 --- [           main] o.s.boot.SpringApplication               : Loading source class org.springframework.cloud.bootstrap.encrypt.EncryptionBootstrapConfiguration
2017-08-29 13:03:12.880 DEBUG 73951 --- [           main] o.s.b.c.c.ConfigFileApplicationListener  : Loaded config file &apos;file:/Users/mgrzejszczak/repo/spring-cloud-commons/spring-cloud-context/target/test-classes/application.properties&apos; (classpath:/application.properties)
2017-08-29 13:03:12.880  INFO 73951 --- [           main] s.c.a.AnnotationConfigApplicationContext : Refreshing org.springframework.context.annotation.AnnotationConfigApplicationContext@9ee368: startup date [Tue Aug 29 13:03:12 CEST 2017]; parent: org.springframework.context.annotation.AnnotationConfigApplicationContext@3936c2ea
2017-08-29 13:03:12.885  INFO 73951 --- [           main] f.a.AutowiredAnnotationBeanPostProcessor : JSR-330 &apos;javax.inject.Inject&apos; annotation found and supported for autowiring
2017-08-29 13:03:12.903 DEBUG 73951 --- [           main] utoConfigurationReportLoggingInitializer : 


=========================
AUTO-CONFIGURATION REPORT
=========================


Positive matches:
-----------------

   EncryptionBootstrapConfiguration matched:
      - @ConditionalOnClass found required class &apos;org.springframework.security.crypto.encrypt.TextEncryptor&apos;; @ConditionalOnMissingClass did not find unwanted class (OnClassCondition)

   EncryptionBootstrapConfiguration.RsaEncryptionConfiguration matched:
      - @ConditionalOnClass found required class &apos;org.springframework.security.rsa.crypto.RsaSecretEncryptor&apos;; @ConditionalOnMissingClass did not find unwanted class (OnClassCondition)
      - Keystore found in Environment (EncryptionBootstrapConfiguration.KeyCondition)


Negative matches:
-----------------

   EncryptionBootstrapConfiguration.RsaEncryptionConfiguration#textEncryptor:
      Did not match:
         - @ConditionalOnMissingBean (types: org.springframework.security.crypto.encrypt.TextEncryptor; SearchStrategy: all) found beans of type&apos;org.springframework.security.crypto.encrypt.TextEncryptor&apos;textEncryptor (OnBeanCondition)

   EncryptionBootstrapConfiguration.VanillaEncryptionConfiguration:
      Did not match:
         - @ConditionalOnMissingClass found unwanted class &apos;org.springframework.security.rsa.crypto.RsaSecretEncryptor&apos; (OnClassCondition)


Exclusions:
-----------

    None


Unconditional classes:
----------------------

    None



2017-08-29 13:03:12.904  INFO 73951 --- [           main] o.a.maven.surefire.booter.ForkedBooter   : Started ForkedBooter in 0.099 seconds (JVM running for 30.039)
</system-out>
  </testcase>
  <testcase classname="org.springframework.cloud.bootstrap.encrypt.EncryptionBootstrapConfigurationTests" name="nonExistentKeystoreLocationShouldNotBeAllowed" time="0.063"/>
</testsuite>